INFO:     Started server process [10332]
INFO:     Waiting for application startup.
INFO:     Application startup complete.
INFO:     Uvicorn running on http://0.0.0.0:8000 (Press CTRL+C to quit)
C:\Users\lss\Documents\GitHub\contest\backend\agents\data_collector.py:450: RuntimeWarning: This package (`duckduckgo_search`) has been renamed to `ddgs`! Use `pip install ddgs` instead.
  with DDGS() as ddgs:
C:\Users\lss\Documents\GitHub\contest\backend\agents\data_collector.py:450: RuntimeWarning: This package (`duckduckgo_search`) has been renamed to `ddgs`! Use `pip install ddgs` instead.
  with DDGS() as ddgs:
C:\Users\lss\Documents\GitHub\contest\backend\agents\data_collector.py:450: RuntimeWarning: This package (`duckduckgo_search`) has been renamed to `ddgs`! Use `pip install ddgs` instead.
  with DDGS() as ddgs:
C:\Users\lss\Documents\GitHub\contest\backend\agents\data_collector.py:450: RuntimeWarning: This package (`duckduckgo_search`) has been renamed to `ddgs`! Use `pip install ddgs` instead.
  with DDGS() as ddgs:
C:\Users\lss\Documents\GitHub\contest\backend\agents\data_collector.py:450: RuntimeWarning: This package (`duckduckgo_search`) has been renamed to `ddgs`! Use `pip install ddgs` instead.
  with DDGS() as ddgs:
C:\Users\lss\Documents\GitHub\contest\backend\agents\data_collector.py:450: RuntimeWarning: This package (`duckduckgo_search`) has been renamed to `ddgs`! Use `pip install ddgs` instead.
  with DDGS() as ddgs:
C:\Users\lss\Documents\GitHub\contest\backend\agents\data_collector.py:450: RuntimeWarning: This package (`duckduckgo_search`) has been renamed to `ddgs`! Use `pip install ddgs` instead.
  with DDGS() as ddgs:
C:\Users\lss\Documents\GitHub\contest\backend\agents\data_collector.py:450: RuntimeWarning: This package (`duckduckgo_search`) has been renamed to `ddgs`! Use `pip install ddgs` instead.
  with DDGS() as ddgs:
C:\Users\lss\Documents\GitHub\contest\backend\agents\data_collector.py:450: RuntimeWarning: This package (`duckduckgo_search`) has been renamed to `ddgs`! Use `pip install ddgs` instead.
  with DDGS() as ddgs:
C:\Users\lss\Documents\GitHub\contest\backend\agents\data_collector.py:450: RuntimeWarning: This package (`duckduckgo_search`) has been renamed to `ddgs`! Use `pip install ddgs` instead.
  with DDGS() as ddgs:
C:\Users\lss\Documents\GitHub\contest\backend\agents\data_collector.py:450: RuntimeWarning: This package (`duckduckgo_search`) has been renamed to `ddgs`! Use `pip install ddgs` instead.
  with DDGS() as ddgs:
C:\Users\lss\Documents\GitHub\contest\backend\agents\data_collector.py:450: RuntimeWarning: This package (`duckduckgo_search`) has been renamed to `ddgs`! Use `pip install ddgs` instead.
  with DDGS() as ddgs:
C:\Users\lss\Documents\GitHub\contest\backend\agents\data_collector.py:450: RuntimeWarning: This package (`duckduckgo_search`) has been renamed to `ddgs`! Use `pip install ddgs` instead.
  with DDGS() as ddgs:
C:\Users\lss\Documents\GitHub\contest\backend\agents\data_collector.py:450: RuntimeWarning: This package (`duckduckgo_search`) has been renamed to `ddgs`! Use `pip install ddgs` instead.
  with DDGS() as ddgs:
C:\Users\lss\Documents\GitHub\contest\backend\agents\data_collector.py:450: RuntimeWarning: This package (`duckduckgo_search`) has been renamed to `ddgs`! Use `pip install ddgs` instead.
  with DDGS() as ddgs:
C:\Users\lss\Documents\GitHub\contest\backend\agents\data_collector.py:450: RuntimeWarning: This package (`duckduckgo_search`) has been renamed to `ddgs`! Use `pip install ddgs` instead.
  with DDGS() as ddgs:
C:\Users\lss\Documents\GitHub\contest\backend\agents\data_collector.py:450: RuntimeWarning: This package (`duckduckgo_search`) has been renamed to `ddgs`! Use `pip install ddgs` instead.
  with DDGS() as ddgs:
C:\Users\lss\Documents\GitHub\contest\backend\agents\data_collector.py:450: RuntimeWarning: This package (`duckduckgo_search`) has been renamed to `ddgs`! Use `pip install ddgs` instead.
  with DDGS() as ddgs:
C:\Users\lss\Documents\GitHub\contest\backend\agents\data_collector.py:450: RuntimeWarning: This package (`duckduckgo_search`) has been renamed to `ddgs`! Use `pip install ddgs` instead.
  with DDGS() as ddgs:
C:\Users\lss\Documents\GitHub\contest\backend\agents\data_collector.py:450: RuntimeWarning: This package (`duckduckgo_search`) has been renamed to `ddgs`! Use `pip install ddgs` instead.
  with DDGS() as ddgs:
C:\Users\lss\Documents\GitHub\contest\backend\agents\data_collector.py:450: RuntimeWarning: This package (`duckduckgo_search`) has been renamed to `ddgs`! Use `pip install ddgs` instead.
  with DDGS() as ddgs:
C:\Users\lss\Documents\GitHub\contest\backend\agents\data_collector.py:450: RuntimeWarning: This package (`duckduckgo_search`) has been renamed to `ddgs`! Use `pip install ddgs` instead.
  with DDGS() as ddgs:
C:\Users\lss\Documents\GitHub\contest\backend\agents\data_collector.py:450: RuntimeWarning: This package (`duckduckgo_search`) has been renamed to `ddgs`! Use `pip install ddgs` instead.
  with DDGS() as ddgs:
C:\Users\lss\Documents\GitHub\contest\backend\agents\data_collector.py:450: RuntimeWarning: This package (`duckduckgo_search`) has been renamed to `ddgs`! Use `pip install ddgs` instead.
  with DDGS() as ddgs:
C:\Users\lss\Documents\GitHub\contest\backend\agents\data_collector.py:450: RuntimeWarning: This package (`duckduckgo_search`) has been renamed to `ddgs`! Use `pip install ddgs` instead.
  with DDGS() as ddgs:
C:\Users\lss\Documents\GitHub\contest\backend\agents\data_collector.py:450: RuntimeWarning: This package (`duckduckgo_search`) has been renamed to `ddgs`! Use `pip install ddgs` instead.
  with DDGS() as ddgs:
C:\Users\lss\Documents\GitHub\contest\backend\agents\data_collector.py:450: RuntimeWarning: This package (`duckduckgo_search`) has been renamed to `ddgs`! Use `pip install ddgs` instead.
  with DDGS() as ddgs:
C:\Users\lss\Documents\GitHub\contest\backend\agents\data_collector.py:450: RuntimeWarning: This package (`duckduckgo_search`) has been renamed to `ddgs`! Use `pip install ddgs` instead.
  with DDGS() as ddgs:
C:\Users\lss\Documents\GitHub\contest\backend\agents\data_collector.py:450: RuntimeWarning: This package (`duckduckgo_search`) has been renamed to `ddgs`! Use `pip install ddgs` instead.
  with DDGS() as ddgs:
C:\Users\lss\Documents\GitHub\contest\backend\agents\data_collector.py:450: RuntimeWarning: This package (`duckduckgo_search`) has been renamed to `ddgs`! Use `pip install ddgs` instead.
  with DDGS() as ddgs:
C:\Users\lss\Documents\GitHub\contest\backend\agents\data_collector.py:450: RuntimeWarning: This package (`duckduckgo_search`) has been renamed to `ddgs`! Use `pip install ddgs` instead.
  with DDGS() as ddgs:
C:\Users\lss\Documents\GitHub\contest\backend\agents\data_collector.py:450: RuntimeWarning: This package (`duckduckgo_search`) has been renamed to `ddgs`! Use `pip install ddgs` instead.
  with DDGS() as ddgs:
C:\Users\lss\Documents\GitHub\contest\backend\agents\data_collector.py:450: RuntimeWarning: This package (`duckduckgo_search`) has been renamed to `ddgs`! Use `pip install ddgs` instead.
  with DDGS() as ddgs:
C:\Users\lss\Documents\GitHub\contest\backend\agents\data_collector.py:450: RuntimeWarning: This package (`duckduckgo_search`) has been renamed to `ddgs`! Use `pip install ddgs` instead.
  with DDGS() as ddgs:
C:\Users\lss\Documents\GitHub\contest\backend\agents\data_collector.py:450: RuntimeWarning: This package (`duckduckgo_search`) has been renamed to `ddgs`! Use `pip install ddgs` instead.
  with DDGS() as ddgs:
C:\Users\lss\Documents\GitHub\contest\backend\agents\data_collector.py:450: RuntimeWarning: This package (`duckduckgo_search`) has been renamed to `ddgs`! Use `pip install ddgs` instead.
  with DDGS() as ddgs:
C:\Users\lss\Documents\GitHub\contest\backend\agents\data_collector.py:450: RuntimeWarning: This package (`duckduckgo_search`) has been renamed to `ddgs`! Use `pip install ddgs` instead.
  with DDGS() as ddgs:
C:\Users\lss\Documents\GitHub\contest\backend\agents\data_collector.py:450: RuntimeWarning: This package (`duckduckgo_search`) has been renamed to `ddgs`! Use `pip install ddgs` instead.
  with DDGS() as ddgs:
C:\Users\lss\Documents\GitHub\contest\backend\agents\data_collector.py:450: RuntimeWarning: This package (`duckduckgo_search`) has been renamed to `ddgs`! Use `pip install ddgs` instead.
  with DDGS() as ddgs:
C:\Users\lss\Documents\GitHub\contest\backend\agents\data_collector.py:450: RuntimeWarning: This package (`duckduckgo_search`) has been renamed to `ddgs`! Use `pip install ddgs` instead.
  with DDGS() as ddgs:
C:\Users\lss\Documents\GitHub\contest\backend\agents\data_collector.py:450: RuntimeWarning: This package (`duckduckgo_search`) has been renamed to `ddgs`! Use `pip install ddgs` instead.
  with DDGS() as ddgs:
C:\Users\lss\Documents\GitHub\contest\backend\agents\data_collector.py:450: RuntimeWarning: This package (`duckduckgo_search`) has been renamed to `ddgs`! Use `pip install ddgs` instead.
  with DDGS() as ddgs:
C:\Users\lss\Documents\GitHub\contest\backend\agents\data_collector.py:450: RuntimeWarning: This package (`duckduckgo_search`) has been renamed to `ddgs`! Use `pip install ddgs` instead.
  with DDGS() as ddgs:
C:\Users\lss\Documents\GitHub\contest\backend\agents\data_collector.py:450: RuntimeWarning: This package (`duckduckgo_search`) has been renamed to `ddgs`! Use `pip install ddgs` instead.
  with DDGS() as ddgs:
C:\Users\lss\Documents\GitHub\contest\backend\agents\data_collector.py:450: RuntimeWarning: This package (`duckduckgo_search`) has been renamed to `ddgs`! Use `pip install ddgs` instead.
  with DDGS() as ddgs:
C:\Users\lss\Documents\GitHub\contest\backend\agents\data_collector.py:450: RuntimeWarning: This package (`duckduckgo_search`) has been renamed to `ddgs`! Use `pip install ddgs` instead.
  with DDGS() as ddgs:
C:\Users\lss\Documents\GitHub\contest\backend\agents\data_collector.py:450: RuntimeWarning: This package (`duckduckgo_search`) has been renamed to `ddgs`! Use `pip install ddgs` instead.
  with DDGS() as ddgs:
C:\Users\lss\Documents\GitHub\contest\backend\agents\data_collector.py:450: RuntimeWarning: This package (`duckduckgo_search`) has been renamed to `ddgs`! Use `pip install ddgs` instead.
  with DDGS() as ddgs:
C:\Users\lss\Documents\GitHub\contest\backend\agents\data_collector.py:450: RuntimeWarning: This package (`duckduckgo_search`) has been renamed to `ddgs`! Use `pip install ddgs` instead.
  with DDGS() as ddgs:
C:\Users\lss\Documents\GitHub\contest\backend\agents\data_collector.py:450: RuntimeWarning: This package (`duckduckgo_search`) has been renamed to `ddgs`! Use `pip install ddgs` instead.
  with DDGS() as ddgs:
C:\Users\lss\Documents\GitHub\contest\backend\agents\data_collector.py:450: RuntimeWarning: This package (`duckduckgo_search`) has been renamed to `ddgs`! Use `pip install ddgs` instead.
  with DDGS() as ddgs:
C:\Users\lss\Documents\GitHub\contest\backend\agents\data_collector.py:450: RuntimeWarning: This package (`duckduckgo_search`) has been renamed to `ddgs`! Use `pip install ddgs` instead.
  with DDGS() as ddgs:
C:\Users\lss\Documents\GitHub\contest\backend\agents\data_collector.py:450: RuntimeWarning: This package (`duckduckgo_search`) has been renamed to `ddgs`! Use `pip install ddgs` instead.
  with DDGS() as ddgs:
C:\Users\lss\Documents\GitHub\contest\backend\agents\data_collector.py:450: RuntimeWarning: This package (`duckduckgo_search`) has been renamed to `ddgs`! Use `pip install ddgs` instead.
  with DDGS() as ddgs:
C:\Users\lss\Documents\GitHub\contest\backend\agents\data_collector.py:450: RuntimeWarning: This package (`duckduckgo_search`) has been renamed to `ddgs`! Use `pip install ddgs` instead.
  with DDGS() as ddgs:
C:\Users\lss\Documents\GitHub\contest\backend\agents\data_collector.py:450: RuntimeWarning: This package (`duckduckgo_search`) has been renamed to `ddgs`! Use `pip install ddgs` instead.
  with DDGS() as ddgs:
C:\Users\lss\Documents\GitHub\contest\backend\agents\data_collector.py:450: RuntimeWarning: This package (`duckduckgo_search`) has been renamed to `ddgs`! Use `pip install ddgs` instead.
  with DDGS() as ddgs:
C:\Users\lss\Documents\GitHub\contest\backend\agents\data_collector.py:450: RuntimeWarning: This package (`duckduckgo_search`) has been renamed to `ddgs`! Use `pip install ddgs` instead.
  with DDGS() as ddgs:
C:\Users\lss\Documents\GitHub\contest\backend\agents\data_collector.py:450: RuntimeWarning: This package (`duckduckgo_search`) has been renamed to `ddgs`! Use `pip install ddgs` instead.
  with DDGS() as ddgs:
C:\Users\lss\Documents\GitHub\contest\backend\agents\data_collector.py:450: RuntimeWarning: This package (`duckduckgo_search`) has been renamed to `ddgs`! Use `pip install ddgs` instead.
  with DDGS() as ddgs:
C:\Users\lss\Documents\GitHub\contest\backend\agents\data_collector.py:450: RuntimeWarning: This package (`duckduckgo_search`) has been renamed to `ddgs`! Use `pip install ddgs` instead.
  with DDGS() as ddgs:
C:\Users\lss\Documents\GitHub\contest\backend\agents\data_collector.py:450: RuntimeWarning: This package (`duckduckgo_search`) has been renamed to `ddgs`! Use `pip install ddgs` instead.
  with DDGS() as ddgs:
C:\Users\lss\Documents\GitHub\contest\backend\agents\data_collector.py:450: RuntimeWarning: This package (`duckduckgo_search`) has been renamed to `ddgs`! Use `pip install ddgs` instead.
  with DDGS() as ddgs:
C:\Users\lss\Documents\GitHub\contest\backend\agents\data_collector.py:450: RuntimeWarning: This package (`duckduckgo_search`) has been renamed to `ddgs`! Use `pip install ddgs` instead.
  with DDGS() as ddgs:
C:\Users\lss\Documents\GitHub\contest\backend\agents\data_collector.py:450: RuntimeWarning: This package (`duckduckgo_search`) has been renamed to `ddgs`! Use `pip install ddgs` instead.
  with DDGS() as ddgs:
C:\Users\lss\Documents\GitHub\contest\backend\agents\data_collector.py:450: RuntimeWarning: This package (`duckduckgo_search`) has been renamed to `ddgs`! Use `pip install ddgs` instead.
  with DDGS() as ddgs:
C:\Users\lss\Documents\GitHub\contest\backend\agents\data_collector.py:450: RuntimeWarning: This package (`duckduckgo_search`) has been renamed to `ddgs`! Use `pip install ddgs` instead.
  with DDGS() as ddgs:
C:\Users\lss\Documents\GitHub\contest\backend\agents\data_collector.py:450: RuntimeWarning: This package (`duckduckgo_search`) has been renamed to `ddgs`! Use `pip install ddgs` instead.
  with DDGS() as ddgs:
C:\Users\lss\Documents\GitHub\contest\backend\agents\data_collector.py:450: RuntimeWarning: This package (`duckduckgo_search`) has been renamed to `ddgs`! Use `pip install ddgs` instead.
  with DDGS() as ddgs:
C:\Users\lss\Documents\GitHub\contest\backend\agents\data_collector.py:450: RuntimeWarning: This package (`duckduckgo_search`) has been renamed to `ddgs`! Use `pip install ddgs` instead.
  with DDGS() as ddgs:
C:\Users\lss\Documents\GitHub\contest\backend\agents\data_collector.py:450: RuntimeWarning: This package (`duckduckgo_search`) has been renamed to `ddgs`! Use `pip install ddgs` instead.
  with DDGS() as ddgs:
C:\Users\lss\Documents\GitHub\contest\backend\agents\data_collector.py:450: RuntimeWarning: This package (`duckduckgo_search`) has been renamed to `ddgs`! Use `pip install ddgs` instead.
  with DDGS() as ddgs:
C:\Users\lss\Documents\GitHub\contest\backend\agents\data_collector.py:450: RuntimeWarning: This package (`duckduckgo_search`) has been renamed to `ddgs`! Use `pip install ddgs` instead.
  with DDGS() as ddgs:
C:\Users\lss\Documents\GitHub\contest\backend\agents\data_collector.py:450: RuntimeWarning: This package (`duckduckgo_search`) has been renamed to `ddgs`! Use `pip install ddgs` instead.
  with DDGS() as ddgs:
C:\Users\lss\Documents\GitHub\contest\backend\agents\data_collector.py:450: RuntimeWarning: This package (`duckduckgo_search`) has been renamed to `ddgs`! Use `pip install ddgs` instead.
  with DDGS() as ddgs:
C:\Users\lss\Documents\GitHub\contest\backend\agents\data_collector.py:450: RuntimeWarning: This package (`duckduckgo_search`) has been renamed to `ddgs`! Use `pip install ddgs` instead.
  with DDGS() as ddgs:
C:\Users\lss\Documents\GitHub\contest\backend\agents\data_collector.py:450: RuntimeWarning: This package (`duckduckgo_search`) has been renamed to `ddgs`! Use `pip install ddgs` instead.
  with DDGS() as ddgs:
