INFO:     127.0.0.1:54717 - "GET / HTTP/1.1" 200 OK
INFO:     127.0.0.1:54885 - "OPTIONS /api/analyze HTTP/1.1" 200 OK
INFO:     127.0.0.1:54885 - "POST /api/analyze HTTP/1.1" 200 OK
[DataCollector] Collecting time-bound data for »ďĽşŔüŔÚ in 2025-Q1 (live=True)...
[DataCollector] Collecting time-bound data for ASML in 2025-Q1 (live=True)...
[DataCollector] Collecting time-bound data for Tokyo Electron in 2025-Q1 (live=True)...
[DataCollector] Collecting time-bound data for Applied Materials in 2025-Q1 (live=True)...
[DataCollector] Jina scrape failed for https://www.tel.com/ir/library/earnings/: HTTPSConnectionPool(host='r.jina.ai', port=443): Read timed out. (read timeout=8)
[DataCollector] Jina scrape failed for https://mkpark01.tistory.com/entry/»ďĽşŔüŔÚ-2025łâ-1şĐ±â-˝ÇŔű-şĐĽ®-feat-°¶·°˝Ă-S25-ČďÇŕ°ú-ąÝµµĂĽ-Č¸şą-˝ĹČŁ: HTTPSConnectionPool(host='r.jina.ai', port=443): Read timed out. (read timeout=8)
[DataCollector] Jina scrape failed for https://www.yna.co.kr/view/AKR20250708020200003: HTTPSConnectionPool(host='r.jina.ai', port=443): Read timed out. (read timeout=8)
[DataCollector] Jina scrape failed for https://muchong.com/bbs/journal.php?view=detail&jid=764: HTTPSConnectionPool(host='r.jina.ai', port=443): Read timed out. (read timeout=8)
[DataCollector] Jina scrape failed for https://muchong.com/t-16168872-1: HTTPSConnectionPool(host='r.jina.ai', port=443): Read timed out. (read timeout=8)
[DataCollector] Jina scrape failed for https://www.zhihu.com/question/655177357: HTTPSConnectionPool(host='r.jina.ai', port=443): Read timed out. (read timeout=8)
[DataCollector] Jina scrape failed for https://www.zhihu.com/question/1413725539: HTTPSConnectionPool(host='r.jina.ai', port=443): Read timed out. (read timeout=8)
[DataCollector] Jina scrape failed for https://www.zhihu.com/question/665930591: HTTPSConnectionPool(host='r.jina.ai', port=443): Read timed out. (read timeout=8)
[DataCollector] Jina scrape failed for https://www.zhihu.com/question/58868780: HTTPSConnectionPool(host='r.jina.ai', port=443): Read timed out. (read timeout=8)
[DataCollector] Jina scrape failed for https://www.zhihu.com/question/545384360: HTTPSConnectionPool(host='r.jina.ai', port=443): Read timed out. (read timeout=8)
[DataCollector] Jina scrape failed for https://www.zhihu.com/question/40140361: HTTPSConnectionPool(host='r.jina.ai', port=443): Read timed out. (read timeout=8)
[DataCollector] No sources for Tokyo Electron -- Evaluator will flag MISSING_GROUNDING.
[DataCollector] Collecting time-bound data for Lam Research in 2025-Q1 (live=True)...
[DataCollector] Collecting time-bound data for Samsung Display in 2025-Q1 (live=True)...
[DataCollector] No sources for ASML -- Evaluator will flag MISSING_GROUNDING.
[DataCollector] Collecting time-bound data for Apple in 2025-Q1 (live=True)...
[DataCollector] Collecting time-bound data for Google in 2025-Q1 (live=True)...
[DataCollector] No sources for Applied Materials -- Evaluator will flag MISSING_GROUNDING.
[DataCollector] Collecting time-bound data for Dell Technologies in 2025-Q1 (live=True)...
[DataCollector] No sources for Apple -- Evaluator will flag MISSING_GROUNDING.
[DataCollector] Collecting time-bound data for HP Inc in 2025-Q1 (live=True)...
[DataCollector] No sources for Samsung Display -- Evaluator will flag MISSING_GROUNDING.
[DataCollector] Collecting time-bound data for Sony in 2025-Q1 (live=True)...
[DataCollector] No sources for Google -- Evaluator will flag MISSING_GROUNDING.
[Estimator] Synthesizing PxQ graph for 2025-Q1 (live=True, sources=23)...
[Estimator] Live estimation failed; falling back to skeleton graph.
[Evaluator] Evaluating network consistency for 2025-Q1...
[fx] Frankfurter call failed: 422 Client Error: Unprocessable Entity for url: https://api.frankfurter.dev/v2/rates?base=USD&symbols=KRW&start_date=2025-01-01&end_date=2025-03-31
[Evaluator] 10 conflict(s) detected -- preparing feedback prompt...
[DataCollector] Re-collecting grounding for 11 node(s): ASML, »ďĽşŔüŔÚ, Tokyo Electron, Applied Materials, Lam Research, Samsung Display, Apple, Google, Dell Technologies, HP Inc, Sony
[DataCollector] Collecting time-bound data for ASML in 2025-Q1 (live=True)...
[DataCollector] Collecting time-bound data for »ďĽşŔüŔÚ in 2025-Q1 (live=True)...
[DataCollector] Collecting time-bound data for Tokyo Electron in 2025-Q1 (live=True)...
[DataCollector] Collecting time-bound data for Applied Materials in 2025-Q1 (live=True)...
[DataCollector] No sources for Tokyo Electron -- Evaluator will flag MISSING_GROUNDING.
[DataCollector] Collecting time-bound data for Lam Research in 2025-Q1 (live=True)...
[DataCollector] Jina scrape failed for https://www.asml.com/en/investors/financial-results/quarterly-results: HTTPSConnectionPool(host='r.jina.ai', port=443): Read timed out. (read timeout=8)
[DataCollector] Jina scrape failed for https://news.sbs.co.kr/news/endPage.do?news_id=N1008507846: HTTPSConnectionPool(host='r.jina.ai', port=443): Read timed out. (read timeout=8)
[DataCollector] Collecting time-bound data for Samsung Display in 2025-Q1 (live=True)...
[DataCollector] Jina scrape failed for https://www.fmkorea.com/8028324357: HTTPSConnectionPool(host='r.jina.ai', port=443): Read timed out. (read timeout=8)
[DataCollector] Collecting time-bound data for Apple in 2025-Q1 (live=True)...
[DataCollector] Jina scrape failed for https://www.zhihu.com/question/40140361: HTTPSConnectionPool(host='r.jina.ai', port=443): Read timed out. (read timeout=8)
[DataCollector] Jina scrape failed for https://www.zhihu.com/question/58868780: HTTPSConnectionPool(host='r.jina.ai', port=443): Read timed out. (read timeout=8)
[DataCollector] Jina scrape failed for https://www.zhihu.com/question/545384360: HTTPSConnectionPool(host='r.jina.ai', port=443): Read timed out. (read timeout=8)
[DataCollector] Jina scrape failed for https://www.zhihu.com/question/665930591: HTTPSConnectionPool(host='r.jina.ai', port=443): Read timed out. (read timeout=8)
[DataCollector] Collecting time-bound data for Google in 2025-Q1 (live=True)...
[DataCollector] No sources for ASML -- Evaluator will flag MISSING_GROUNDING.
[DataCollector] Collecting time-bound data for Dell Technologies in 2025-Q1 (live=True)...
[DataCollector] No sources for Samsung Display -- Evaluator will flag MISSING_GROUNDING.
[DataCollector] Collecting time-bound data for HP Inc in 2025-Q1 (live=True)...
[DataCollector] No sources for Apple -- Evaluator will flag MISSING_GROUNDING.
[DataCollector] Collecting time-bound data for Sony in 2025-Q1 (live=True)...
[DataCollector] No sources for Google -- Evaluator will flag MISSING_GROUNDING.
[DataCollector] No sources for Dell Technologies -- Evaluator will flag MISSING_GROUNDING.
[Estimator] Regenerating graph for 2025-Q1 after feedback (10 conflict(s); extra_sources=26)...
[Estimator] Regeneration applied. Feedback excerpt: - Missing verified sources for edge 'ASML-»ďĽşŔüŔÚ'. Re-collect from the counter-parties' IR or disclosure pages (prefer OFF
[Evaluator] Evaluating network consistency for 2025-Q1...
[Evaluator] 1 conflict(s) detected -- preparing feedback prompt...
[Estimator] Regenerating graph for 2025-Q1 after feedback (1 conflict(s); extra_sources=0)...
[Estimator] Regeneration applied. Feedback excerpt: - Double-entry mismatch on edge 'Lam Research-»ďĽşŔüŔÚ'. Cross-validate seller and buyer reports; prefer the source with mor
[Evaluator] Evaluating network consistency for 2025-Q1...
[Evaluator] 1 conflict(s) detected -- preparing feedback prompt...
INFO:     127.0.0.1:52353 - "POST /api/analyze HTTP/1.1" 200 OK
[DataCollector] Collecting time-bound data for »ďĽşŔüŔÚ in 2025-Q1 (live=True)...
[DataCollector] Collecting time-bound data for ASML in 2025-Q1 (live=True)...
[DataCollector] Collecting time-bound data for Tokyo Electron in 2025-Q1 (live=True)...
[DataCollector] Collecting time-bound data for Applied Materials in 2025-Q1 (live=True)...
[DataCollector] Collecting time-bound data for Lam Research in 2025-Q1 (live=True)...
[DataCollector] Jina scrape failed for https://www.zhihu.com/question/665930591: HTTPSConnectionPool(host='r.jina.ai', port=443): Read timed out. (read timeout=8)
[DataCollector] Jina scrape failed for https://www.zhihu.com/question/58868780: HTTPSConnectionPool(host='r.jina.ai', port=443): Read timed out. (read timeout=8)
[DataCollector] Jina scrape failed for https://www.zhihu.com/question/545384360: HTTPSConnectionPool(host='r.jina.ai', port=443): Read timed out. (read timeout=8)
[DataCollector] Jina scrape failed for https://www.zhihu.com/question/40140361: HTTPSConnectionPool(host='r.jina.ai', port=443): Read timed out. (read timeout=8)
[DataCollector] Jina scrape failed for https://www.japan-guide.com/e/e2164.html: HTTPSConnectionPool(host='r.jina.ai', port=443): Read timed out. (read timeout=8)
[DataCollector] Jina scrape failed for https://www.fmkorea.com/8028324357: HTTPSConnectionPool(host='r.jina.ai', port=443): Read timed out. (read timeout=8)
[DataCollector] No sources for Tokyo Electron -- Evaluator will flag MISSING_GROUNDING.
[DataCollector] Collecting time-bound data for Samsung Display in 2025-Q1 (live=True)...
[DataCollector] Collecting time-bound data for Apple in 2025-Q1 (live=True)...
[DataCollector] Collecting time-bound data for Google in 2025-Q1 (live=True)...
[DataCollector] No sources for ASML -- Evaluator will flag MISSING_GROUNDING.
[DataCollector] Collecting time-bound data for Dell in 2025-Q1 (live=True)...
[DataCollector] No sources for Samsung Display -- Evaluator will flag MISSING_GROUNDING.
[DataCollector] Collecting time-bound data for HP in 2025-Q1 (live=True)...
[DataCollector] No sources for Apple -- Evaluator will flag MISSING_GROUNDING.
[DataCollector] Collecting time-bound data for Sony in 2025-Q1 (live=True)...
[Estimator] Synthesizing PxQ graph for 2025-Q1 (live=True, sources=39)...
[Estimator] Live estimation failed; falling back to skeleton graph.
[Evaluator] Evaluating network consistency for 2025-Q1...
[Evaluator] 10 conflict(s) detected -- preparing feedback prompt...
[DataCollector] Re-collecting grounding for 11 node(s): ASML, »ďĽşŔüŔÚ, Tokyo Electron, Applied Materials, Lam Research, Samsung Display, Apple, Google, Dell, HP, Sony
[DataCollector] Collecting time-bound data for ASML in 2025-Q1 (live=True)...
[DataCollector] Collecting time-bound data for »ďĽşŔüŔÚ in 2025-Q1 (live=True)...
[DataCollector] Collecting time-bound data for Tokyo Electron in 2025-Q1 (live=True)...
[DataCollector] Collecting time-bound data for Applied Materials in 2025-Q1 (live=True)...
[DataCollector] No sources for Tokyo Electron -- Evaluator will flag MISSING_GROUNDING.
[DataCollector] Collecting time-bound data for Lam Research in 2025-Q1 (live=True)...
[DataCollector] Collecting time-bound data for Samsung Display in 2025-Q1 (live=True)...
[DataCollector] Jina scrape failed for https://www.fmkorea.com/8028324357: HTTPSConnectionPool(host='r.jina.ai', port=443): Read timed out. (read timeout=8)
[DataCollector] Jina scrape failed for https://www.facebook.com/AppliedMaterialsKorea/posts/ľîÇĂ¶óŔĚµĺ-¸ÓĆĽľî¸®ľóÁî°ˇ-Č¸°čż¬µµ-2025łâ-1şĐ±â-˝ÇŔűŔ»-ąßÇĄÇß˝Ŕ´Ď´Ů-2025łâ-1şĐ±â-±Ű·Îąú-¸ĹĂâ-ąĚ±ą-Č¸°č±âÁŘ-71ľď-7000¸¸-´Ţ·Ż°Ô¸®-/1141604021093581/: HTTPSConnectionPool(host='r.jina.ai', port=443): Read timed out. (read timeout=8)
[DataCollector] Jina scrape failed for https://www.zhihu.com/question/545384360: HTTPSConnectionPool(host='r.jina.ai', port=443): Read timed out. (read timeout=8)
[DataCollector] Jina scrape failed for https://www.zhihu.com/question/40140361: HTTPSConnectionPool(host='r.jina.ai', port=443): Read timed out. (read timeout=8)
[DataCollector] Jina scrape failed for https://www.zhihu.com/question/665930591: HTTPSConnectionPool(host='r.jina.ai', port=443): Read timed out. (read timeout=8)
[DataCollector] Jina scrape failed for https://www.zhihu.com/question/58868780: HTTPSConnectionPool(host='r.jina.ai', port=443): Read timed out. (read timeout=8)
[DataCollector] Collecting time-bound data for Apple in 2025-Q1 (live=True)...
[DataCollector] No sources for ASML -- Evaluator will flag MISSING_GROUNDING.
[DataCollector] Collecting time-bound data for Google in 2025-Q1 (live=True)...
[DataCollector] Collecting time-bound data for Dell in 2025-Q1 (live=True)...
[DataCollector] No sources for Samsung Display -- Evaluator will flag MISSING_GROUNDING.
[DataCollector] Collecting time-bound data for HP in 2025-Q1 (live=True)...
[DataCollector] No sources for Apple -- Evaluator will flag MISSING_GROUNDING.
[DataCollector] Collecting time-bound data for Sony in 2025-Q1 (live=True)...
[Estimator] Regenerating graph for 2025-Q1 after feedback (10 conflict(s); extra_sources=36)...
[Estimator] Regeneration applied. Feedback excerpt: - Missing verified sources for edge 'ASML-»ďĽşŔüŔÚ'. Re-collect from the counter-parties' IR or disclosure pages (prefer OFF
[Evaluator] Evaluating network consistency for 2025-Q1...
INFO:     127.0.0.1:50381 - "OPTIONS /api/analyze HTTP/1.1" 200 OK
INFO:     127.0.0.1:50381 - "POST /api/analyze HTTP/1.1" 200 OK
[DataCollector] Collecting time-bound data for SK Hynix in 2024-Q3 (live=True)...
[DataCollector] Collecting time-bound data for ASML in 2024-Q3 (live=True)...
[DataCollector] Collecting time-bound data for Tokyo Electron in 2024-Q3 (live=True)...
[DataCollector] Collecting time-bound data for Lam Research in 2024-Q3 (live=True)...
[DataCollector] No sources for Tokyo Electron -- Evaluator will flag MISSING_GROUNDING.
[DataCollector] Collecting time-bound data for Applied Materials in 2024-Q3 (live=True)...
[DataCollector] No sources for Applied Materials -- Evaluator will flag MISSING_GROUNDING.
[DataCollector] Collecting time-bound data for Shin-Etsu Chemical in 2024-Q3 (live=True)...
[DataCollector] Jina scrape failed for https://www.zhihu.com/question/656174995: HTTPSConnectionPool(host='r.jina.ai', port=443): Read timed out. (read timeout=8)
[DataCollector] Jina scrape failed for https://www.zhihu.com/question/360925707: HTTPSConnectionPool(host='r.jina.ai', port=443): Read timed out. (read timeout=8)
[DataCollector] Jina scrape failed for https://www.zhihu.com/question/526787983: HTTPSConnectionPool(host='r.jina.ai', port=443): Read timed out. (read timeout=8)
[DataCollector] Jina scrape failed for https://www.zhihu.com/question/652107471?write: HTTPSConnectionPool(host='r.jina.ai', port=443): Read timed out. (read timeout=8)
[DataCollector] Jina scrape failed for https://www.zhihu.com/question/58868780: HTTPSConnectionPool(host='r.jina.ai', port=443): Read timed out. (read timeout=8)
[DataCollector] Jina scrape failed for https://www.zhihu.com/question/665930591: HTTPSConnectionPool(host='r.jina.ai', port=443): Read timed out. (read timeout=8)
[DataCollector] Jina scrape failed for https://www.zhihu.com/question/545384360: HTTPSConnectionPool(host='r.jina.ai', port=443): Read timed out. (read timeout=8)
[DataCollector] Jina scrape failed for https://www.zhihu.com/question/40140361: HTTPSConnectionPool(host='r.jina.ai', port=443): Read timed out. (read timeout=8)
[DataCollector] Jina scrape failed for https://www.zhihu.com/tardis/zm/art/703529588: HTTPSConnectionPool(host='r.jina.ai', port=443): Read timed out. (read timeout=8)
[DataCollector] Jina scrape failed for https://www.zhihu.com/question/22008560: HTTPSConnectionPool(host='r.jina.ai', port=443): Read timed out. (read timeout=8)
[DataCollector] Jina scrape failed for https://www.zhihu.com/question/1996662715566031093: HTTPSConnectionPool(host='r.jina.ai', port=443): Read timed out. (read timeout=8)
[DataCollector] No sources for Lam Research -- Evaluator will flag MISSING_GROUNDING.
[DataCollector] Collecting time-bound data for Apple in 2024-Q3 (live=True)...
[DataCollector] No sources for ASML -- Evaluator will flag MISSING_GROUNDING.
[DataCollector] Collecting time-bound data for NVIDIA in 2024-Q3 (live=True)...
[DataCollector] Collecting time-bound data for Dell in 2024-Q3 (live=True)...
[DataCollector] No sources for Apple -- Evaluator will flag MISSING_GROUNDING.
[DataCollector] Collecting time-bound data for HP in 2024-Q3 (live=True)...
[DataCollector] No sources for SK Hynix -- Evaluator will flag MISSING_GROUNDING.
[DataCollector] Collecting time-bound data for Lenovo in 2024-Q3 (live=True)...
[DataCollector] No sources for NVIDIA -- Evaluator will flag MISSING_GROUNDING.
[DataCollector] No sources for Dell -- Evaluator will flag MISSING_GROUNDING.
[DataCollector] No sources for Lenovo -- Evaluator will flag MISSING_GROUNDING.
[Estimator] Synthesizing PxQ graph for 2024-Q3 (live=True, sources=9)...
[Evaluator] Evaluating network consistency for 2024-Q3...
[fx] Frankfurter call failed: 422 Client Error: Unprocessable Entity for url: https://api.frankfurter.dev/v2/rates?base=USD&symbols=KRW&start_date=2024-07-01&end_date=2024-09-30
INFO:     127.0.0.1:49666 - "POST /api/analyze HTTP/1.1" 200 OK
[DataCollector] Collecting time-bound data for SK Hynix in 2024-Q3 (live=True)...
[DataCollector] Collecting time-bound data for ASML in 2024-Q3 (live=True)...
[DataCollector] Collecting time-bound data for Tokyo Electron in 2024-Q3 (live=True)...
[DataCollector] Collecting time-bound data for Applied Materials in 2024-Q3 (live=True)...
[DataCollector] No sources for Tokyo Electron -- Evaluator will flag MISSING_GROUNDING.
[DataCollector] Collecting time-bound data for Lam Research in 2024-Q3 (live=True)...
[DataCollector] Jina scrape failed for https://www.zhihu.com/question/58868780: HTTPSConnectionPool(host='r.jina.ai', port=443): Read timed out. (read timeout=8)
[DataCollector] Jina scrape failed for https://www.zhihu.com/question/545384360: HTTPSConnectionPool(host='r.jina.ai', port=443): Read timed out. (read timeout=8)
[DataCollector] Jina scrape failed for https://www.zhihu.com/question/40140361: HTTPSConnectionPool(host='r.jina.ai', port=443): Read timed out. (read timeout=8)
[DataCollector] Jina scrape failed for https://www.zhihu.com/question/665930591: HTTPSConnectionPool(host='r.jina.ai', port=443): Read timed out. (read timeout=8)
[DataCollector] No sources for ASML -- Evaluator will flag MISSING_GROUNDING.
[DataCollector] Collecting time-bound data for Shin-Etsu Chemical in 2024-Q3 (live=True)...
[DataCollector] No sources for Lam Research -- Evaluator will flag MISSING_GROUNDING.
[DataCollector] Collecting time-bound data for Apple in 2024-Q3 (live=True)...
[DataCollector] Jina scrape failed for https://www.zhihu.com/question/22008560: HTTPSConnectionPool(host='r.jina.ai', port=443): Read timed out. (read timeout=8)
[DataCollector] Jina scrape failed for https://www.zhihu.com/question/1996662715566031093: HTTPSConnectionPool(host='r.jina.ai', port=443): Read timed out. (read timeout=8)
[DataCollector] Collecting time-bound data for NVIDIA in 2024-Q3 (live=True)...
[DataCollector] No sources for SK Hynix -- Evaluator will flag MISSING_GROUNDING.
[DataCollector] Collecting time-bound data for Dell Technologies in 2024-Q3 (live=True)...
[DataCollector] Collecting time-bound data for HP Inc. in 2024-Q3 (live=True)...
[DataCollector] No sources for NVIDIA -- Evaluator will flag MISSING_GROUNDING.
[DataCollector] Collecting time-bound data for Lenovo in 2024-Q3 (live=True)...
[DataCollector] No sources for HP Inc. -- Evaluator will flag MISSING_GROUNDING.
[Estimator] Synthesizing PxQ graph for 2024-Q3 (live=True, sources=11)...
[Evaluator] Evaluating network consistency for 2024-Q3...
INFO:     127.0.0.1:59060 - "POST /api/analyze HTTP/1.1" 200 OK
[DataCollector] Collecting time-bound data for SK Hynix in 2024-Q3 (live=True)...
[DataCollector] Collecting time-bound data for ASML in 2024-Q3 (live=True)...
[DataCollector] Collecting time-bound data for Applied Materials in 2024-Q3 (live=True)...
[DataCollector] Collecting time-bound data for Tokyo Electron in 2024-Q3 (live=True)...
[DataCollector] Jina scrape failed for https://www.skhynix.com/ir/financial-highlights/quarterly-results: HTTPSConnectionPool(host='r.jina.ai', port=443): Read timed out. (read timeout=8)
[DataCollector] Jina scrape failed for https://www.mt.co.kr/world/2025/10/15/2025101515560269027: HTTPSConnectionPool(host='r.jina.ai', port=443): Read timed out. (read timeout=8)
[DataCollector] Jina scrape failed for https://www.tel.com/ir/library/report/: HTTPSConnectionPool(host='r.jina.ai', port=443): Read timed out. (read timeout=8)
[DataCollector] Collecting time-bound data for Lam Research in 2024-Q3 (live=True)...
[DataCollector] Collecting time-bound data for KLA Corporation in 2024-Q3 (live=True)...
[DataCollector] Collecting time-bound data for Apple in 2024-Q3 (live=True)...
[DataCollector] Jina scrape failed for https://www.zhihu.com/question/22008560: HTTPSConnectionPool(host='r.jina.ai', port=443): Read timed out. (read timeout=8)
[DataCollector] Jina scrape failed for https://www.zhihu.com/question/1996662715566031093: HTTPSConnectionPool(host='r.jina.ai', port=443): Read timed out. (read timeout=8)
[DataCollector] Jina scrape failed for https://www.zhihu.com/tardis/zm/art/591162398: HTTPSConnectionPool(host='r.jina.ai', port=443): Read timed out. (read timeout=8)
[DataCollector] No sources for KLA Corporation -- Evaluator will flag MISSING_GROUNDING.
[DataCollector] Collecting time-bound data for NVIDIA in 2024-Q3 (live=True)...
[DataCollector] Collecting time-bound data for Dell Technologies in 2024-Q3 (live=True)...
[DataCollector] No sources for SK Hynix -- Evaluator will flag MISSING_GROUNDING.
[DataCollector] Collecting time-bound data for HP in 2024-Q3 (live=True)...
[DataCollector] Collecting time-bound data for Microsoft in 2024-Q3 (live=True)...
[DataCollector] No sources for Microsoft -- Evaluator will flag MISSING_GROUNDING.
[Estimator] Synthesizing PxQ graph for 2024-Q3 (live=True, sources=22)...
[Evaluator] Evaluating network consistency for 2024-Q3...
INFO:     127.0.0.1:58883 - "POST /api/analyze HTTP/1.1" 200 OK
INFO:     127.0.0.1:50525 - "OPTIONS /api/analyze HTTP/1.1" 200 OK
INFO:     127.0.0.1:50525 - "POST /api/analyze HTTP/1.1" 200 OK
[DataCollector] Collecting time-bound data for SK Hynix in 2024-Q3 (live=True)...
[DataCollector] Collecting time-bound data for ASML in 2024-Q3 (live=True)...
[DataCollector] Collecting time-bound data for Tokyo Electron in 2024-Q3 (live=True)...
[DataCollector] Collecting time-bound data for Applied Materials in 2024-Q3 (live=True)...
[DataCollector] Collecting time-bound data for Lam Research in 2024-Q3 (live=True)...
[DataCollector] Jina scrape failed for https://www.news1.kr/industry/general-industry/5941900: HTTPSConnectionPool(host='r.jina.ai', port=443): Read timed out. (read timeout=8)
[DataCollector] Jina scrape failed for https://m.blog.naver.com/birdiebirgi/223393802954: HTTPSConnectionPool(host='r.jina.ai', port=443): Read timed out. (read timeout=8)
[DataCollector] Jina scrape failed for https://view.asiae.co.kr/article/2025101515430937688: HTTPSConnectionPool(host='r.jina.ai', port=443): Read timed out. (read timeout=8)
[DataCollector] Collecting time-bound data for Shin-Etsu Chemical in 2024-Q3 (live=True)...
[DataCollector] Collecting time-bound data for Apple in 2024-Q3 (live=True)...
[DataCollector] Collecting time-bound data for Nvidia in 2024-Q3 (live=True)...
[DataCollector] Collecting time-bound data for Dell Technologies in 2024-Q3 (live=True)...
[DataCollector] Collecting time-bound data for HP Inc in 2024-Q3 (live=True)...
[DataCollector] Collecting time-bound data for Lenovo in 2024-Q3 (live=True)...
[Estimator] Synthesizing PxQ graph for 2024-Q3 (live=True, sources=34)...
[Evaluator] Evaluating network consistency for 2024-Q3...
INFO:     127.0.0.1:52208 - "POST /api/analyze HTTP/1.1" 200 OK
[DataCollector] Collecting time-bound data for SK Hynix in 2024-Q3 (live=True)...
[DataCollector] Collecting time-bound data for ASML in 2024-Q3 (live=True)...
[DataCollector] Collecting time-bound data for Applied Materials in 2024-Q3 (live=True)...
[DataCollector] Collecting time-bound data for Lam Research in 2024-Q3 (live=True)...
[DataCollector] Collecting time-bound data for Tokyo Electron in 2024-Q3 (live=True)...
[DataCollector] Jina scrape failed for https://www.skhynix.com/ir-quarterly-results: HTTPSConnectionPool(host='r.jina.ai', port=443): Read timed out. (read timeout=8)
[DataCollector] Collecting time-bound data for KLA Corporation in 2024-Q3 (live=True)...
[DataCollector] No sources for Tokyo Electron -- Evaluator will flag MISSING_GROUNDING.
[DataCollector] Collecting time-bound data for Apple in 2024-Q3 (live=True)...
[DataCollector] Jina scrape failed for https://www.asiae.co.kr/article/2025101515431043693: HTTPSConnectionPool(host='r.jina.ai', port=443): Read timed out. (read timeout=8)
[DataCollector] Collecting time-bound data for NVIDIA in 2024-Q3 (live=True)...
[DataCollector] No sources for KLA Corporation -- Evaluator will flag MISSING_GROUNDING.
[DataCollector] Collecting time-bound data for Dell Technologies in 2024-Q3 (live=True)...
[DataCollector] Jina scrape failed for https://www.chosun.com/economy/tech_it/2025/10/29/DWB2ULC6YNFBBNROQD7E2DQEEM/: HTTPSConnectionPool(host='r.jina.ai', port=443): Read timed out. (read timeout=8)
[DataCollector] Collecting time-bound data for HP in 2024-Q3 (live=True)...
[DataCollector] Collecting time-bound data for Lenovo in 2024-Q3 (live=True)...
[Estimator] Synthesizing PxQ graph for 2024-Q3 (live=True, sources=32)...
[Evaluator] Evaluating network consistency for 2024-Q3...
INFO:     127.0.0.1:63228 - "OPTIONS /api/analyze HTTP/1.1" 200 OK
INFO:     127.0.0.1:63228 - "POST /api/analyze HTTP/1.1" 200 OK
[DataCollector] Collecting time-bound data for ÇŃąĚąÝµµĂĽ in 2024-Q3 (live=True)...
[DataCollector] Collecting time-bound data for SKÇĎŔĚ´Đ˝ş in 2024-Q3 (live=True)...
[DataCollector] Collecting time-bound data for »ďĽşŔüŔÚ in 2024-Q3 (live=True)...
[DataCollector] Collecting time-bound data for ¸¶ŔĚĹ©·Đ in 2024-Q3 (live=True)...
[DataCollector] Jina scrape failed for https://www.samsungsvc.co.kr/: HTTPSConnectionPool(host='r.jina.ai', port=443): Read timed out. (read timeout=8)
[DataCollector] Jina scrape failed for https://www.samsung.com/sec/?msockid=3dd221ad64416c0f2a5336ea650f6d4c: HTTPSConnectionPool(host='r.jina.ai', port=443): Read timed out. (read timeout=8)
[DataCollector] No sources for »ďĽşŔüŔÚ -- Evaluator will flag MISSING_GROUNDING.
[DataCollector] Collecting time-bound data for ASMPT in 2024-Q3 (live=True)...
[DataCollector] Jina scrape failed for https://dpg.danawa.com/news/view?boardSeq=62&listSeq=5929821: HTTPSConnectionPool(host='r.jina.ai', port=443): Read timed out. (read timeout=8)
[DataCollector] Jina scrape failed for https://quasarzone.com/bbs/qc_qsz/views/1822697: HTTPSConnectionPool(host='r.jina.ai', port=443): Read timed out. (read timeout=8)
[DataCollector] Jina scrape failed for https://quasarzone.com/bbs/qf_cmr/views/2428118: HTTPSConnectionPool(host='r.jina.ai', port=443): Read timed out. (read timeout=8)
[DataCollector] Jina scrape failed for https://quasarzone.com/bbs/qc_qsz/views/1883265: HTTPSConnectionPool(host='r.jina.ai', port=443): Read timed out. (read timeout=8)
[DataCollector] Jina scrape failed for https://www.hanmi.co.kr/science/hanmi-rnd.hm: HTTPSConnectionPool(host='r.jina.ai', port=443): Read timed out. (read timeout=8)
[DataCollector] Jina scrape failed for https://m.hanmi.co.kr/hanmi/handler/Home-Start: HTTPSConnectionPool(host='r.jina.ai', port=443): Read timed out. (read timeout=8)
[DataCollector] Jina scrape failed for https://www.hanmi.co.kr/main.hm: HTTPSConnectionPool(host='r.jina.ai', port=443): Read timed out. (read timeout=8)
[DataCollector] Jina scrape failed for https://www.hanmi.co.kr/about/hanmi-pharm/company.hm: HTTPSConnectionPool(host='r.jina.ai', port=443): Read timed out. (read timeout=8)
[DataCollector] Jina scrape failed for https://www.zhihu.com/question/22008560: HTTPSConnectionPool(host='r.jina.ai', port=443): Read timed out. (read timeout=8)
[DataCollector] Jina scrape failed for https://www.zhihu.com/question/1996662715566031093: HTTPSConnectionPool(host='r.jina.ai', port=443): Read timed out. (read timeout=8)
[DataCollector] No sources for ¸¶ŔĚĹ©·Đ -- Evaluator will flag MISSING_GROUNDING.
[DataCollector] Collecting time-bound data for ÇŃČ­Á¤ąĐ±â°č in 2024-Q3 (live=True)...
[DataCollector] No sources for SKÇĎŔĚ´Đ˝ş -- Evaluator will flag MISSING_GROUNDING.
[DataCollector] Collecting time-bound data for TSMC in 2024-Q3 (live=True)...
[DataCollector] No sources for ÇŃąĚąÝµµĂĽ -- Evaluator will flag MISSING_GROUNDING.
[DataCollector] Collecting time-bound data for ŔÎĹÚ in 2024-Q3 (live=True)...
[DataCollector] No sources for ŔÎĹÚ -- Evaluator will flag MISSING_GROUNDING.
[DataCollector] Jina scrape failed for http://hanwhacorp.co.kr/: HTTPSConnectionPool(host='r.jina.ai', port=443): Read timed out. (read timeout=8)
[DataCollector] Jina scrape failed for https://www.hanwhacorp.co.kr/hanwha/company/globe.jsp: HTTPSConnectionPool(host='r.jina.ai', port=443): Read timed out. (read timeout=8)
[DataCollector] No sources for TSMC -- Evaluator will flag MISSING_GROUNDING.
[DataCollector] No sources for ÇŃČ­Á¤ąĐ±â°č -- Evaluator will flag MISSING_GROUNDING.
[Estimator] Synthesizing PxQ graph for 2024-Q3 (live=True, sources=3)...
[Estimator] Live estimation failed; falling back to skeleton graph.
[Evaluator] Evaluating network consistency for 2024-Q3...
[Evaluator] 10 conflict(s) detected -- preparing feedback prompt...
[DataCollector] Re-collecting grounding for 8 node(s): SKÇĎŔĚ´Đ˝ş, ÇŃąĚąÝµµĂĽ, »ďĽşŔüŔÚ, ¸¶ŔĚĹ©·Đ, ASMPT, ÇŃČ­Á¤ąĐ±â°č, TSMC, ŔÎĹÚ
[DataCollector] Collecting time-bound data for SKÇĎŔĚ´Đ˝ş in 2024-Q3 (live=True)...
[DataCollector] Collecting time-bound data for ÇŃąĚąÝµµĂĽ in 2024-Q3 (live=True)...
[DataCollector] Collecting time-bound data for »ďĽşŔüŔÚ in 2024-Q3 (live=True)...
[DataCollector] Collecting time-bound data for ¸¶ŔĚĹ©·Đ in 2024-Q3 (live=True)...
[DataCollector] No sources for ¸¶ŔĚĹ©·Đ -- Evaluator will flag MISSING_GROUNDING.
[DataCollector] Collecting time-bound data for ASMPT in 2024-Q3 (live=True)...
[DataCollector] No sources for »ďĽşŔüŔÚ -- Evaluator will flag MISSING_GROUNDING.
[DataCollector] Collecting time-bound data for ÇŃČ­Á¤ąĐ±â°č in 2024-Q3 (live=True)...
[DataCollector] Collecting time-bound data for TSMC in 2024-Q3 (live=True)...
[DataCollector] No sources for ÇŃąĚąÝµµĂĽ -- Evaluator will flag MISSING_GROUNDING.
[DataCollector] Collecting time-bound data for ŔÎĹÚ in 2024-Q3 (live=True)...
[DataCollector] No sources for TSMC -- Evaluator will flag MISSING_GROUNDING.
[DataCollector] No sources for ÇŃČ­Á¤ąĐ±â°č -- Evaluator will flag MISSING_GROUNDING.
[Estimator] Regenerating graph for 2024-Q3 after feedback (10 conflict(s); extra_sources=14)...
[Estimator] Regeneration applied. Feedback excerpt: - Missing verified sources for edge 'SKÇĎŔĚ´Đ˝ş-ÇŃąĚąÝµµĂĽ'. Re-collect from the counter-parties' IR or disclosure pages (prefer 
[Evaluator] Evaluating network consistency for 2024-Q3...
INFO:     127.0.0.1:58776 - "POST /api/analyze HTTP/1.1" 200 OK
[DataCollector] Collecting time-bound data for ÇŃąĚąÝµµĂĽ in 2024-Q3 (live=True)...
[DataCollector] Collecting time-bound data for ASMPT in 2024-Q3 (live=True)...
[DataCollector] Collecting time-bound data for Hitachi High-Tech in 2024-Q3 (live=True)...
[DataCollector] Collecting time-bound data for Keyence in 2024-Q3 (live=True)...
[DataCollector] Jina scrape failed for https://www.zhihu.com/question/1903231775980913051: HTTPSConnectionPool(host='r.jina.ai', port=443): Read timed out. (read timeout=8)
[DataCollector] Jina scrape failed for https://www.thelec.kr/news/articleView.html?idxno=30881: HTTPSConnectionPool(host='r.jina.ai', port=443): Read timed out. (read timeout=8)
[DataCollector] Jina scrape failed for https://blog.naver.com/stockdiary24/223718732659: HTTPSConnectionPool(host='r.jina.ai', port=443): Read timed out. (read timeout=8)
[DataCollector] No sources for Hitachi High-Tech -- Evaluator will flag MISSING_GROUNDING.
[DataCollector] Collecting time-bound data for NSK in 2024-Q3 (live=True)...
[DataCollector] Collecting time-bound data for THK in 2024-Q3 (live=True)...
[DataCollector] No sources for ÇŃąĚąÝµµĂĽ -- Evaluator will flag MISSING_GROUNDING.
[DataCollector] Collecting time-bound data for SK Hynix in 2024-Q3 (live=True)...
[DataCollector] Jina scrape failed for https://blog.naver.com/letscreateall/224062314913: HTTPSConnectionPool(host='r.jina.ai', port=443): Read timed out. (read timeout=8)
[DataCollector] No sources for Keyence -- Evaluator will flag MISSING_GROUNDING.
[DataCollector] Collecting time-bound data for Micron Technology in 2024-Q3 (live=True)...
[DataCollector] No sources for NSK -- Evaluator will flag MISSING_GROUNDING.
[DataCollector] Collecting time-bound data for TSMC in 2024-Q3 (live=True)...
[DataCollector] Collecting time-bound data for Amkor Technology in 2024-Q3 (live=True)...
[DataCollector] No sources for Micron Technology -- Evaluator will flag MISSING_GROUNDING.
[DataCollector] Collecting time-bound data for ASE Group in 2024-Q3 (live=True)...
[DataCollector] No sources for ASE Group -- Evaluator will flag MISSING_GROUNDING.
[DataCollector] No sources for Amkor Technology -- Evaluator will flag MISSING_GROUNDING.
[Estimator] Synthesizing PxQ graph for 2024-Q3 (live=True, sources=14)...
[Evaluator] Evaluating network consistency for 2024-Q3...
INFO:     127.0.0.1:58953 - "OPTIONS /api/analyze HTTP/1.1" 200 OK
INFO:     127.0.0.1:58953 - "POST /api/analyze HTTP/1.1" 200 OK
[DataCollector] Collecting time-bound data for ÇŃąĚąÝµµĂĽ in 2024-Q2 (live=True)...
[DataCollector] Collecting time-bound data for ASMPT in 2024-Q2 (live=True)...
[DataCollector] Collecting time-bound data for SK Hynix in 2024-Q2 (live=True)...
[DataCollector] Collecting time-bound data for Daeduck Electronics in 2024-Q2 (live=True)...
[DataCollector] Jina scrape failed for https://kr.investing.com/equities/daeduck-electronics-earnings: HTTPSConnectionPool(host='r.jina.ai', port=443): Read timed out. (read timeout=8)
[DataCollector] Jina scrape failed for https://stockanalysis.com/quote/krx/353200/revenue/: HTTPSConnectionPool(host='r.jina.ai', port=443): Read timed out. (read timeout=8)
[DataCollector] Jina scrape failed for https://simplywall.st/ko/stocks/kr/tech/kose-a353200/daeduck-electronics-shares/news/1b059eea871012ae: HTTPSConnectionPool(host='r.jina.ai', port=443): Read timed out. (read timeout=8)
[DataCollector] Jina scrape failed for https://www.news1.kr/industry/sb-founded/5492092: HTTPSConnectionPool(host='r.jina.ai', port=443): Read timed out. (read timeout=8)
[DataCollector] Jina scrape failed for https://biz.chosun.com/industry/business-venture/2024/07/26/5Q7Y2GZSQNFMRGU45ACKYQIC5M/: HTTPSConnectionPool(host='r.jina.ai', port=443): Read timed out. (read timeout=8)
[DataCollector] Jina scrape failed for https://www.edaily.co.kr/News/Read?newsId=01744966638958456: HTTPSConnectionPool(host='r.jina.ai', port=443): Read timed out. (read timeout=8)
[DataCollector] Collecting time-bound data for KCC in 2024-Q2 (live=True)...
[DataCollector] No sources for ASMPT -- Evaluator will flag MISSING_GROUNDING.
[DataCollector] Collecting time-bound data for Yeonho Electronics in 2024-Q2 (live=True)...
[DataCollector] Collecting time-bound data for Micron Technology in 2024-Q2 (live=True)...
[DataCollector] Jina scrape failed for https://zod.kr/news/2803121: HTTPSConnectionPool(host='r.jina.ai', port=443): Read timed out. (read timeout=8)
[DataCollector] Jina scrape failed for https://idea1434.tistory.com/entry/SKÇĎŔĚ´Đ˝ş-2024łâ-2şĐ±â-°ćżµ˝ÇŔű-ąßÇĄ: HTTPSConnectionPool(host='r.jina.ai', port=443): Read timed out. (read timeout=8)
[DataCollector] Collecting time-bound data for ASE Group in 2024-Q2 (live=True)...
[DataCollector] No sources for Yeonho Electronics -- Evaluator will flag MISSING_GROUNDING.
[DataCollector] Collecting time-bound data for Amkor Technology in 2024-Q2 (live=True)...
[DataCollector] No sources for KCC -- Evaluator will flag MISSING_GROUNDING.
[DataCollector] Collecting time-bound data for JCET Group in 2024-Q2 (live=True)...
[DataCollector] No sources for Micron Technology -- Evaluator will flag MISSING_GROUNDING.
[DataCollector] No sources for ASE Group -- Evaluator will flag MISSING_GROUNDING.
[DataCollector] No sources for Amkor Technology -- Evaluator will flag MISSING_GROUNDING.
[DataCollector] No sources for JCET Group -- Evaluator will flag MISSING_GROUNDING.
[Estimator] Synthesizing PxQ graph for 2024-Q2 (live=True, sources=10)...
[Estimator] Live estimation failed; falling back to skeleton graph.
[Evaluator] Evaluating network consistency for 2024-Q2...
[fx] Frankfurter call failed: 422 Client Error: Unprocessable Entity for url: https://api.frankfurter.dev/v2/rates?base=USD&symbols=KRW&start_date=2024-04-01&end_date=2024-06-30
[Evaluator] 10 conflict(s) detected -- preparing feedback prompt...
[DataCollector] Re-collecting grounding for 10 node(s): ASMPT, ÇŃąĚąÝµµĂĽ, SK Hynix, Daeduck Electronics, KCC, Yeonho Electronics, Micron Technology, ASE Group, Amkor Technology, JCET Group
[DataCollector] Collecting time-bound data for ASMPT in 2024-Q2 (live=True)...
[DataCollector] Collecting time-bound data for ÇŃąĚąÝµµĂĽ in 2024-Q2 (live=True)...
[DataCollector] Collecting time-bound data for SK Hynix in 2024-Q2 (live=True)...
[DataCollector] Collecting time-bound data for Daeduck Electronics in 2024-Q2 (live=True)...
[DataCollector] Collecting time-bound data for KCC in 2024-Q2 (live=True)...
[DataCollector] Collecting time-bound data for Yeonho Electronics in 2024-Q2 (live=True)...
[DataCollector] No sources for ASMPT -- Evaluator will flag MISSING_GROUNDING.
[DataCollector] Collecting time-bound data for Micron Technology in 2024-Q2 (live=True)...
[DataCollector] No sources for Yeonho Electronics -- Evaluator will flag MISSING_GROUNDING.
[DataCollector] Collecting time-bound data for ASE Group in 2024-Q2 (live=True)...
[DataCollector] No sources for Micron Technology -- Evaluator will flag MISSING_GROUNDING.
[DataCollector] Collecting time-bound data for Amkor Technology in 2024-Q2 (live=True)...
[DataCollector] Jina scrape failed for https://www.yna.co.kr/view/AKR20250723105100003: HTTPSConnectionPool(host='r.jina.ai', port=443): Read timed out. (read timeout=8)
[DataCollector] Jina scrape failed for https://www.chosun.com/economy/tech_it/2025/07/24/TTBG5QEMJVFXBN5HVUMW3XJAWY/: HTTPSConnectionPool(host='r.jina.ai', port=443): Read timed out. (read timeout=8)
[DataCollector] Jina scrape failed for https://www.kccworld.co.kr/eng/ir/finance/performance.do: HTTPSConnectionPool(host='r.jina.ai', port=443): Read timed out. (read timeout=8)
[DataCollector] Collecting time-bound data for JCET Group in 2024-Q2 (live=True)...
[DataCollector] No sources for ASE Group -- Evaluator will flag MISSING_GROUNDING.
[DataCollector] No sources for Amkor Technology -- Evaluator will flag MISSING_GROUNDING.
[DataCollector] No sources for JCET Group -- Evaluator will flag MISSING_GROUNDING.
[Estimator] Regenerating graph for 2024-Q2 after feedback (10 conflict(s); extra_sources=14)...
[Estimator] Regeneration applied. Feedback excerpt: - Missing verified sources for edge 'ASMPT-ÇŃąĚąÝµµĂĽ'. Re-collect from the counter-parties' IR or disclosure pages (prefer O
[Evaluator] Evaluating network consistency for 2024-Q2...
INFO:     127.0.0.1:58093 - "POST /api/analyze HTTP/1.1" 200 OK
[DataCollector] Collecting time-bound data for SK ÇĎŔĚ´Đ˝ş in 2024-Q3 (live=True)...
[DataCollector] Collecting time-bound data for ASML in 2024-Q3 (live=True)...
[DataCollector] Collecting time-bound data for Tokyo Electron in 2024-Q3 (live=True)...
[DataCollector] Collecting time-bound data for Lam Research in 2024-Q3 (live=True)...
[DataCollector] Jina scrape failed for https://www.tel.com/ir/library/earnings/: HTTPSConnectionPool(host='r.jina.ai', port=443): Read timed out. (read timeout=8)
[DataCollector] Jina scrape failed for https://www.asml.com/en/investors/financial-results/q3-2024: HTTPSConnectionPool(host='r.jina.ai', port=443): Read timed out. (read timeout=8)
[DataCollector] Jina scrape failed for https://kr.investing.com/news/stock-market-news/article-93CH-1242412: HTTPSConnectionPool(host='r.jina.ai', port=443): Read timed out. (read timeout=8)
[DataCollector] Jina scrape failed for https://news.skhynix.co.kr/3q-2024-business-results/: HTTPSConnectionPool(host='r.jina.ai', port=443): Read timed out. (read timeout=8)
[DataCollector] Collecting time-bound data for Applied Materials in 2024-Q3 (live=True)...
[DataCollector] Jina scrape failed for https://kr.investing.com/equities/tokyo-electron-ltd.-earnings: HTTPSConnectionPool(host='r.jina.ai', port=443): Read timed out. (read timeout=8)
[DataCollector] Jina scrape failed for https://kbench.com/?q=node/261009: HTTPSConnectionPool(host='r.jina.ai', port=443): Read timed out. (read timeout=8)
[DataCollector] Jina scrape failed for https://www.yna.co.kr/view/AKR20251115024600003: HTTPSConnectionPool(host='r.jina.ai', port=443): Read timed out. (read timeout=8)
[DataCollector] Collecting time-bound data for Shin-Etsu Chemical in 2024-Q3 (live=True)...
[DataCollector] Collecting time-bound data for Apple in 2024-Q3 (live=True)...
[DataCollector] Collecting time-bound data for NVIDIA in 2024-Q3 (live=True)...
[DataCollector] Collecting time-bound data for Dell in 2024-Q3 (live=True)...
[DataCollector] Collecting time-bound data for HP in 2024-Q3 (live=True)...
[DataCollector] Collecting time-bound data for Lenovo in 2024-Q3 (live=True)...
[Estimator] Synthesizing PxQ graph for 2024-Q3 (live=True, sources=39)...
[Evaluator] Evaluating network consistency for 2024-Q3...
INFO:     127.0.0.1:51429 - "POST /api/analyze HTTP/1.1" 200 OK
